[debug] [2022-04-29T21:56:02.592Z] ----------------------------------------------------------------------
[debug] [2022-04-29T21:56:02.593Z] Command:       C:\Program Files\nodejs\node.exe C:\Users\ADMIN\AppData\Roaming\npm\node_modules\firebase-tools\lib\bin\firebase.js init
[debug] [2022-04-29T21:56:02.594Z] CLI Version:   10.7.1
[debug] [2022-04-29T21:56:02.594Z] Platform:      win32
[debug] [2022-04-29T21:56:02.594Z] Node Version:  v16.13.1
[debug] [2022-04-29T21:56:02.595Z] Time:          Sat Apr 30 2022 03:56:02 GMT+0600 (Bangladesh Standard Time)
[debug] [2022-04-29T21:56:02.595Z] ----------------------------------------------------------------------
[debug] 
[debug] [2022-04-29T21:56:02.602Z] > command requires scopes: ["email","openid","https://www.googleapis.com/auth/cloudplatformprojects.readonly","https://www.googleapis.com/auth/firebase","https://www.googleapis.com/auth/cloud-platform"]
[debug] [2022-04-29T21:56:02.602Z] > authorizing via signed-in user (labib.ahmed.372@gmail.com)
[info] 
     ######## #### ########  ######## ########     ###     ######  ########
     ##        ##  ##     ## ##       ##     ##  ##   ##  ##       ##
     ######    ##  ########  ######   ########  #########  ######  ######
     ##        ##  ##    ##  ##       ##     ## ##     ##       ## ##
     ##       #### ##     ## ######## ########  ##     ##  ######  ########

You're about to initialize a Firebase project in this directory:

  C:\Users\ADMIN\OneDrive\Desktop\cologne-perfume-shop-client

[debug] [2022-04-30T05:00:02.945Z] Error: kill ENOSYS
    at process.kill (node:internal/process/per_thread:215:13)
    at process.listener (C:\Users\ADMIN\AppData\Roaming\npm\node_modules\firebase-tools\node_modules\signal-exit\index.js:95:15)
    at process.emit (node:events:390:28)
[error] 
[error] Error: An unexpected error has occurred.
